<?xml version="1.0" encoding="UTF-8"?>
<!-- Generated by org.testng.reporters.JUnitXMLReporter -->
<testsuite ignored="0" hostname="DESKTOP-4MCJR8D" failures="0" tests="3" name="SubmitOrderTest" time="79.624" errors="0" timestamp="2025-03-15T12:11:17 IST">
  <testcase classname="rahulshettyacademy.Test.SubmitOrderTest" name="Submiorder" time="9.876"/>
  <testcase classname="rahulshettyacademy.Test.SubmitOrderTest" name="Submiorder" time="14.171"/>
  <testcase classname="rahulshettyacademy.Test.SubmitOrderTest" name="orderHistoryTest" time="1.358"/>
</testsuite> <!-- SubmitOrderTest -->
