<?xml version="1.0" encoding="UTF-8"?>
<!-- Generated by org.testng.reporters.JUnitXMLReporter -->
<testsuite ignored="0" hostname="DESKTOP-4MCJR8D" failures="0" tests="3" name="SubmitOrderTest" time="80.208" errors="0" timestamp="2025-03-16T10:48:31 IST">
  <testcase classname="rahulshettyacademy.Test.SubmitOrderTest" name="Submiorder" time="12.233"/>
  <testcase classname="rahulshettyacademy.Test.SubmitOrderTest" name="Submiorder" time="12.793"/>
  <testcase classname="rahulshettyacademy.Test.SubmitOrderTest" name="orderHistoryTest" time="1.466"/>
</testsuite> <!-- SubmitOrderTest -->
