<?xml version="1.0" encoding="UTF-8"?>
<!-- Generated by org.testng.reporters.JUnitReportReporter -->
<testsuite hostname="DESKTOP-4MCJR8D" failures="0" tests="1" name="Cucumber.TestNGRunner" time="0.298" errors="1" timestamp="2025-03-17T13:56:44 IST" skipped="0">
  <testcase classname="Cucumber.TestNGRunner" name="runScenario" time="0.298">
    <error message="Cannot invoke &quot;org.openqa.selenium.WebDriver.findElement(org.openqa.selenium.By)&quot; because &quot;driver&quot; is null" type="java.lang.NullPointerException">
      <![CDATA[java.lang.NullPointerException: Cannot invoke "org.openqa.selenium.WebDriver.findElement(org.openqa.selenium.By)" because "driver" is null
at org.openqa.selenium.support.ui.ExpectedConditions$7.apply(ExpectedConditions.java:194)
at org.openqa.selenium.support.ui.ExpectedConditions$7.apply(ExpectedConditions.java:190)
at org.openqa.selenium.support.ui.FluentWait.until(FluentWait.java:203)
at Rahulshetty.Abstractclass.AbstractComponent.waitForElementtoAppear(AbstractComponent.java:34)
at rahulshettyacademy.pageObjectModel.ProductCatalogue.getProduct(ProductCatalogue.java:35)
at rahulshettyacademy.stepDefinitions.StepDefinitions.I_add_product_from_Cart(StepDefinitions.java:42)
at ✽.I add product <productname> from Cart(file:///E:/RahulShetty%20Automation/ProjectRealTimeAutomation/src/test/java/Cucumber/SubmitOrder.feature:11)
]]>
    </error>
  </testcase> <!-- runScenario -->
</testsuite> <!-- Cucumber.TestNGRunner -->
